2025-04-24 18:19:46,930 DEBUG    root            Loaded Command Group: ['gcloud', 'components']
2025-04-24 18:19:46,932 DEBUG    root            Loaded Command Group: ['gcloud', 'components', 'update']
2025-04-24 18:19:46,934 DEBUG    root            Running [gcloud.components.update] with arguments: [--quiet: "True", COMPONENT-IDS:8: "['gcloud', 'core', 'bq', 'gsutil', 'compute', 'preview', 'alpha', 'beta']"]
2025-04-24 18:19:46,934 INFO     ___FILE_ONLY___ Beginning update. This process may take several minutes.

2025-04-24 18:19:46,943 DEBUG    urllib3.connectionpool Starting new HTTPS connection (1): dl.google.com:443
2025-04-24 18:19:46,962 DEBUG    urllib3.connectionpool https://dl.google.com:443 "GET /dl/cloudsdk/channels/rapid/components-2.json HTTP/11" 200 226135
2025-04-24 18:19:46,974 WARNING  root            Component [compute] no longer exists.
2025-04-24 18:19:46,975 INFO     ___FILE_ONLY___ 

2025-04-24 18:19:46,976 INFO     ___FILE_ONLY___ 
Your current Google Cloud CLI version is: 519.0.0

2025-04-24 18:19:46,976 INFO     ___FILE_ONLY___ Installing components from version: 519.0.0

2025-04-24 18:19:46,976 INFO     ___FILE_ONLY___ 

2025-04-24 18:19:46,976 DEBUG    root            Chosen display Format:table[box,title="These components will be removed."](details.display_name:label=Name:align=left,version.version_string:label=Version:align=right,data.size.size(zero="",min=1048576):label=Size:align=right)
2025-04-24 18:19:46,976 DEBUG    root            Chosen display Format:table[box,title="These components will be updated."](details.display_name:label=Name:align=left,version.version_string:label=Version:align=right,data.size.size(zero="",min=1048576):label=Size:align=right)
2025-04-24 18:19:46,977 DEBUG    root            Chosen display Format:table[box,title="These components will be installed."](details.display_name:label=Name:align=left,version.version_string:label=Version:align=right,data.size.size(zero="",min=1048576):label=Size:align=right)
2025-04-24 18:19:46,990 INFO     ___FILE_ONLY___ ┌────────────────────────────────────────────────┐
2025-04-24 18:19:46,990 INFO     ___FILE_ONLY___ 

2025-04-24 18:19:46,990 INFO     ___FILE_ONLY___ │      These components will be installed.       │
2025-04-24 18:19:46,990 INFO     ___FILE_ONLY___ 

2025-04-24 18:19:46,990 INFO     ___FILE_ONLY___ ├─────────────────────────┬────────────┬─────────┤
2025-04-24 18:19:46,990 INFO     ___FILE_ONLY___ 

2025-04-24 18:19:46,990 INFO     ___FILE_ONLY___ │           Name          │  Version   │   Size  │
2025-04-24 18:19:46,990 INFO     ___FILE_ONLY___ 

2025-04-24 18:19:46,990 INFO     ___FILE_ONLY___ ├─────────────────────────┼────────────┼─────────┤
2025-04-24 18:19:46,990 INFO     ___FILE_ONLY___ 

2025-04-24 18:19:46,990 INFO     ___FILE_ONLY___ │ 
2025-04-24 18:19:46,991 INFO     ___FILE_ONLY___ gcloud Alpha Commands  
2025-04-24 18:19:46,991 INFO     ___FILE_ONLY___  
2025-04-24 18:19:46,991 INFO     ___FILE_ONLY___ │ 
2025-04-24 18:19:46,991 INFO     ___FILE_ONLY___ 2025.04.18
2025-04-24 18:19:46,991 INFO     ___FILE_ONLY___  
2025-04-24 18:19:46,991 INFO     ___FILE_ONLY___ │ 
2025-04-24 18:19:46,991 INFO     ___FILE_ONLY___ < 1 MiB
2025-04-24 18:19:46,991 INFO     ___FILE_ONLY___  
2025-04-24 18:19:46,991 INFO     ___FILE_ONLY___ │
2025-04-24 18:19:46,991 INFO     ___FILE_ONLY___ 

2025-04-24 18:19:46,991 INFO     ___FILE_ONLY___ │ 
2025-04-24 18:19:46,991 INFO     ___FILE_ONLY___ gcloud Beta Commands   
2025-04-24 18:19:46,991 INFO     ___FILE_ONLY___  
2025-04-24 18:19:46,991 INFO     ___FILE_ONLY___ │ 
2025-04-24 18:19:46,991 INFO     ___FILE_ONLY___ 2025.04.18
2025-04-24 18:19:46,991 INFO     ___FILE_ONLY___  
2025-04-24 18:19:46,991 INFO     ___FILE_ONLY___ │ 
2025-04-24 18:19:46,991 INFO     ___FILE_ONLY___ < 1 MiB
2025-04-24 18:19:46,991 INFO     ___FILE_ONLY___  
2025-04-24 18:19:46,991 INFO     ___FILE_ONLY___ │
2025-04-24 18:19:46,991 INFO     ___FILE_ONLY___ 

2025-04-24 18:19:46,991 INFO     ___FILE_ONLY___ │ 
2025-04-24 18:19:46,992 INFO     ___FILE_ONLY___ gcloud Preview Commands
2025-04-24 18:19:46,992 INFO     ___FILE_ONLY___  
2025-04-24 18:19:46,992 INFO     ___FILE_ONLY___ │ 
2025-04-24 18:19:46,992 INFO     ___FILE_ONLY___           
2025-04-24 18:19:46,992 INFO     ___FILE_ONLY___  
2025-04-24 18:19:46,992 INFO     ___FILE_ONLY___ │ 
2025-04-24 18:19:46,992 INFO     ___FILE_ONLY___ < 1 MiB
2025-04-24 18:19:46,992 INFO     ___FILE_ONLY___  
2025-04-24 18:19:46,992 INFO     ___FILE_ONLY___ │
2025-04-24 18:19:46,992 INFO     ___FILE_ONLY___ 

2025-04-24 18:19:46,992 INFO     ___FILE_ONLY___ └─────────────────────────┴────────────┴─────────┘
2025-04-24 18:19:46,992 INFO     ___FILE_ONLY___ 

2025-04-24 18:19:46,992 INFO     ___FILE_ONLY___ 

2025-04-24 18:19:46,995 DEBUG    urllib3.connectionpool Starting new HTTPS connection (1): dl.google.com:443
2025-04-24 18:19:47,008 DEBUG    urllib3.connectionpool https://dl.google.com:443 "GET /dl/cloudsdk/channels/rapid/RELEASE_NOTES HTTP/11" 200 1402540
2025-04-24 18:19:47,454 INFO     ___FILE_ONLY___ For the latest full release notes, please visit:
  https://cloud.google.com/sdk/release_notes


2025-04-24 18:19:47,454 INFO     ___FILE_ONLY___ Performing in place update...


2025-04-24 18:19:47,456 INFO     ___FILE_ONLY___ ╔════════════════════════════════════════════════════════════╗

2025-04-24 18:19:47,456 INFO     ___FILE_ONLY___ ╠═ Downloading: gcloud Alpha Commands                       ═╣

2025-04-24 18:19:47,456 INFO     ___FILE_ONLY___ ╚
2025-04-24 18:19:47,459 DEBUG    urllib3.connectionpool Starting new HTTPS connection (1): dl.google.com:443
2025-04-24 18:19:47,498 DEBUG    urllib3.connectionpool https://dl.google.com:443 "GET /dl/cloudsdk/channels/rapid/components/google-cloud-sdk-alpha-20250418150427.tar.gz HTTP/11" 200 800
2025-04-24 18:19:47,498 INFO     ___FILE_ONLY___ ════════════════════════════════════════════════════════════
2025-04-24 18:19:47,499 INFO     ___FILE_ONLY___ ╝

2025-04-24 18:19:47,500 INFO     ___FILE_ONLY___ ╔════════════════════════════════════════════════════════════╗

2025-04-24 18:19:47,501 INFO     ___FILE_ONLY___ ╠═ Downloading: gcloud Beta Commands                        ═╣

2025-04-24 18:19:47,501 INFO     ___FILE_ONLY___ ╚
2025-04-24 18:19:47,504 DEBUG    urllib3.connectionpool Starting new HTTPS connection (1): dl.google.com:443
2025-04-24 18:19:47,520 DEBUG    urllib3.connectionpool https://dl.google.com:443 "GET /dl/cloudsdk/channels/rapid/components/google-cloud-sdk-beta-20250418150427.tar.gz HTTP/11" 200 797
2025-04-24 18:19:47,521 INFO     ___FILE_ONLY___ ════════════════════════════════════════════════════════════
2025-04-24 18:19:47,521 INFO     ___FILE_ONLY___ ╝

2025-04-24 18:19:47,523 INFO     ___FILE_ONLY___ ╔════════════════════════════════════════════════════════════╗

2025-04-24 18:19:47,523 INFO     ___FILE_ONLY___ ╠═ Downloading: gcloud Preview Commands                     ═╣

2025-04-24 18:19:47,523 INFO     ___FILE_ONLY___ ╚
2025-04-24 18:19:47,526 DEBUG    urllib3.connectionpool Starting new HTTPS connection (1): dl.google.com:443
2025-04-24 18:19:47,563 DEBUG    urllib3.connectionpool https://dl.google.com:443 "GET /dl/cloudsdk/channels/rapid/components/google-cloud-sdk-preview-20241115154308.tar.gz HTTP/11" 200 823
2025-04-24 18:19:47,564 INFO     ___FILE_ONLY___ ════════════════════════════════════════════════════════════
2025-04-24 18:19:47,564 INFO     ___FILE_ONLY___ ╝

2025-04-24 18:19:47,566 INFO     ___FILE_ONLY___ ╔════════════════════════════════════════════════════════════╗

2025-04-24 18:19:47,566 INFO     ___FILE_ONLY___ ╠═ Installing: gcloud Alpha Commands                        ═╣

2025-04-24 18:19:47,566 INFO     ___FILE_ONLY___ ╚
2025-04-24 18:19:47,567 INFO     ___FILE_ONLY___ ════════════════════════════════════════════════════════════
2025-04-24 18:19:47,567 INFO     ___FILE_ONLY___ ╝

2025-04-24 18:19:47,572 INFO     ___FILE_ONLY___ ╔════════════════════════════════════════════════════════════╗

2025-04-24 18:19:47,572 INFO     ___FILE_ONLY___ ╠═ Installing: gcloud Beta Commands                         ═╣

2025-04-24 18:19:47,572 INFO     ___FILE_ONLY___ ╚
2025-04-24 18:19:47,572 INFO     ___FILE_ONLY___ ════════════════════════════════════════════════════════════
2025-04-24 18:19:47,573 INFO     ___FILE_ONLY___ ╝

2025-04-24 18:19:47,577 INFO     ___FILE_ONLY___ ╔════════════════════════════════════════════════════════════╗

2025-04-24 18:19:47,577 INFO     ___FILE_ONLY___ ╠═ Installing: gcloud Preview Commands                      ═╣

2025-04-24 18:19:47,577 INFO     ___FILE_ONLY___ ╚
2025-04-24 18:19:47,578 INFO     ___FILE_ONLY___ ════════════════════════════════════════════════════════════
2025-04-24 18:19:47,578 INFO     ___FILE_ONLY___ ╝

2025-04-24 18:19:47,583 DEBUG    root            Updating notification cache...
2025-04-24 18:19:47,583 INFO     ___FILE_ONLY___ 

2025-04-24 18:19:47,585 INFO     ___FILE_ONLY___ Performing post processing steps...
2025-04-24 18:19:47,585 DEBUG    root            Executing command: ['/tools/google-cloud-sdk/bin/gcloud', 'components', 'post-process']
2025-04-24 18:19:55,900 DEBUG    ___FILE_ONLY___ 
2025-04-24 18:19:55,900 DEBUG    ___FILE_ONLY___ 
2025-04-24 18:19:56,107 INFO     root            descriptor_list: [{'universeDomain': 'googleapis.com', 'universeShortName': '', 'authenticationDomain': 'auth.cloud.google.com', 'projectPrefix': '', 'cloudWebDomain': 'cloud.google.com', 'documentationDomain': 'cloud.google.com', 'version': '1.0.0', 'state': 'primary', 'artifactRegistryDomain': 'pkg.dev'}]
2025-04-24 18:19:56,107 INFO     ___FILE_ONLY___ 
Update done!


2025-04-24 18:19:56,109 DEBUG    root            Chosen display Format:none
2025-04-24 18:19:56,110 INFO     root            Display format: "none"
